build/outputs/logs/manifest-merger-debug-report.txt
-- Merging decision tree log ---
manifest
ADDED from JinlgeWallPaper\AndroidManifest.xml:2:1-42:12
	package
		ADDED from JinlgeWallPaper\AndroidManifest.xml:3:11-49
	android:versionName
		ADDED from JinlgeWallPaper\AndroidManifest.xml:5:11-36
		INJECTED from JinlgeWallPaper\AndroidManifest.xml
		INJECTED from JinlgeWallPaper\AndroidManifest.xml
	android:versionCode
		ADDED from JinlgeWallPaper\AndroidManifest.xml:4:11-34
		INJECTED from JinlgeWallPaper\AndroidManifest.xml
		INJECTED from JinlgeWallPaper\AndroidManifest.xml
	xmlns:android
		ADDED from JinlgeWallPaper\AndroidManifest.xml:2:11-69
uses-sdk
ADDED from JinlgeWallPaper\AndroidManifest.xml:7:5-9:44
MERGED from [com.android.support:support-v4:25.3.1] AndroidManifest.xml:21:5-23:54
MERGED from [com.android.support:support-fragment:25.3.1] AndroidManifest.xml:21:5-23:60
MERGED from [com.android.support:support-media-compat:25.3.1] AndroidManifest.xml:21:5-23:63
MERGED from [com.android.support:support-core-ui:25.3.1] AndroidManifest.xml:21:5-23:58
MERGED from [com.android.support:support-core-utils:25.3.1] AndroidManifest.xml:21:5-23:61
MERGED from [com.android.support:support-compat:25.3.1] AndroidManifest.xml:21:5-23:58
	tools:overrideLibrary
		ADDED from [com.android.support:support-v4:25.3.1] AndroidManifest.xml:23:9-51
	android:targetSdkVersion
		ADDED from JinlgeWallPaper\AndroidManifest.xml:9:13-42
	android:minSdkVersion
		ADDED from JinlgeWallPaper\AndroidManifest.xml:8:13-39
uses-permission#android.permission.SET_WALLPAPER
ADDED from JinlgeWallPaper\AndroidManifest.xml:11:5-71
	android:name
		ADDED from JinlgeWallPaper\AndroidManifest.xml:11:22-69
uses-permission#android.permission.INTERNET
ADDED from JinlgeWallPaper\AndroidManifest.xml:12:5-66
	android:name
		ADDED from JinlgeWallPaper\AndroidManifest.xml:12:22-64
uses-permission#android.permission.SYSTEM_ALERT_WINDOW
ADDED from JinlgeWallPaper\AndroidManifest.xml:13:5-77
	android:name
		ADDED from JinlgeWallPaper\AndroidManifest.xml:13:22-75
application
ADDED from JinlgeWallPaper\AndroidManifest.xml:15:5-41:19
MERGED from [com.android.support:support-v4:25.3.1] AndroidManifest.xml:29:5-20
MERGED from [com.android.support:support-fragment:25.3.1] AndroidManifest.xml:29:5-20
MERGED from [com.android.support:support-media-compat:25.3.1] AndroidManifest.xml:29:5-20
MERGED from [com.android.support:support-core-ui:25.3.1] AndroidManifest.xml:29:5-20
MERGED from [com.android.support:support-core-utils:25.3.1] AndroidManifest.xml:29:5-20
MERGED from [com.android.support:support-compat:25.3.1] AndroidManifest.xml:29:5-20
	android:label
		ADDED from JinlgeWallPaper\AndroidManifest.xml:18:13-45
	android:allowBackup
		ADDED from JinlgeWallPaper\AndroidManifest.xml:16:13-39
	android:icon
		ADDED from JinlgeWallPaper\AndroidManifest.xml:17:13-49
	android:theme
		ADDED from JinlgeWallPaper\AndroidManifest.xml:19:13-44
activity#com.jingle.wallpaperswitcher.MainActivity
ADDED from JinlgeWallPaper\AndroidManifest.xml:20:9-29:20
	android:label
		ADDED from JinlgeWallPaper\AndroidManifest.xml:22:17-49
	android:launchMode
		ADDED from JinlgeWallPaper\AndroidManifest.xml:23:17-48
	android:name
		ADDED from JinlgeWallPaper\AndroidManifest.xml:21:17-45
intent-filter#android.intent.action.MAIN+android.intent.category.LAUNCHER
ADDED from JinlgeWallPaper\AndroidManifest.xml:24:13-28:29
action#android.intent.action.MAIN
ADDED from JinlgeWallPaper\AndroidManifest.xml:25:17-68
	android:name
		ADDED from JinlgeWallPaper\AndroidManifest.xml:25:25-66
category#android.intent.category.LAUNCHER
ADDED from JinlgeWallPaper\AndroidManifest.xml:27:17-76
	android:name
		ADDED from JinlgeWallPaper\AndroidManifest.xml:27:27-74
activity#com.jingle.wallpaperswitcher.AboutActivity
ADDED from JinlgeWallPaper\AndroidManifest.xml:30:9-34:20
	android:label
		ADDED from JinlgeWallPaper\AndroidManifest.xml:32:17-49
	android:launchMode
		ADDED from JinlgeWallPaper\AndroidManifest.xml:33:17-48
	android:name
		ADDED from JinlgeWallPaper\AndroidManifest.xml:31:17-46
service#com.jingle.wallpaperswitcher.MyIntentService
ADDED from JinlgeWallPaper\AndroidManifest.xml:36:9-37:19
	android:name
		ADDED from JinlgeWallPaper\AndroidManifest.xml:36:18-49
receiver#com.jingle.wallpaperswitcher.AlarmReceiver
ADDED from JinlgeWallPaper\AndroidManifest.xml:39:9-40:20
	android:name
		ADDED from JinlgeWallPaper\AndroidManifest.xml:39:19-48
meta-data#android.support.VERSION
ADDED from [com.android.support:support-v4:25.3.1] AndroidManifest.xml:25:5-27:34
MERGED from [com.android.support:support-fragment:25.3.1] AndroidManifest.xml:25:5-27:34
MERGED from [com.android.support:support-media-compat:25.3.1] AndroidManifest.xml:25:5-27:34
MERGED from [com.android.support:support-core-ui:25.3.1] AndroidManifest.xml:25:5-27:34
MERGED from [com.android.support:support-core-utils:25.3.1] AndroidManifest.xml:25:5-27:34
MERGED from [com.android.support:support-compat:25.3.1] AndroidManifest.xml:25:5-27:34
	android:value
		ADDED from [com.android.support:support-v4:25.3.1] AndroidManifest.xml:27:9-31
	android:name
		ADDED from [com.android.support:support-v4:25.3.1] AndroidManifest.xml:26:9-47